[28-Jun-2025 03:35:08 UTC] PHP Warning:  PHP Startup: Unable to load dynamic library 'php_imagick.dll' (tried: C:/Users/mansu/AppData/Roaming/Local/lightning-services/php-8.3.17+1/bin/win64/ext\php_imagick.dll (The specified module could not be found), C:/Users/mansu/AppData/Roaming/Local/lightning-services/php-8.3.17+1/bin/win64/ext\php_php_imagick.dll.dll (The specified module could not be found)) in Unknown on line 0
[28-Jun-2025 03:36:45 UTC] PHP Warning:  PHP Startup: Unable to load dynamic library 'php_imagick.dll' (tried: C:/Users/mansu/AppData/Roaming/Local/lightning-services/php-8.3.17+1/bin/win64/ext\php_imagick.dll (The specified module could not be found), C:/Users/mansu/AppData/Roaming/Local/lightning-services/php-8.3.17+1/bin/win64/ext\php_php_imagick.dll.dll (The specified module could not be found)) in Unknown on line 0
[28-Jun-2025 03:36:50 UTC] PHP Warning:  PHP Startup: Unable to load dynamic library 'php_imagick.dll' (tried: C:/Users/mansu/AppData/Roaming/Local/lightning-services/php-8.3.17+1/bin/win64/ext\php_imagick.dll (The specified module could not be found), C:/Users/mansu/AppData/Roaming/Local/lightning-services/php-8.3.17+1/bin/win64/ext\php_php_imagick.dll.dll (The specified module could not be found)) in Unknown on line 0
[28-Jun-2025 03:36:50 UTC] PHP Warning:  PHP Startup: Unable to load dynamic library 'php_imagick.dll' (tried: C:/Users/mansu/AppData/Roaming/Local/lightning-services/php-8.3.17+1/bin/win64/ext\php_imagick.dll (The specified module could not be found), C:/Users/mansu/AppData/Roaming/Local/lightning-services/php-8.3.17+1/bin/win64/ext\php_php_imagick.dll.dll (The specified module could not be found)) in Unknown on line 0
[28-Jun-2025 03:36:52 UTC] PHP Warning:  PHP Startup: Unable to load dynamic library 'php_imagick.dll' (tried: C:/Users/mansu/AppData/Roaming/Local/lightning-services/php-8.3.17+1/bin/win64/ext\php_imagick.dll (The specified module could not be found), C:/Users/mansu/AppData/Roaming/Local/lightning-services/php-8.3.17+1/bin/win64/ext\php_php_imagick.dll.dll (The specified module could not be found)) in Unknown on line 0
[28-Jun-2025 03:55:28 UTC] PHP Warning:  PHP Startup: Unable to load dynamic library 'php_imagick.dll' (tried: C:/Users/mansu/AppData/Roaming/Local/lightning-services/php-8.3.17+1/bin/win64/ext\php_imagick.dll (The specified module could not be found), C:/Users/mansu/AppData/Roaming/Local/lightning-services/php-8.3.17+1/bin/win64/ext\php_php_imagick.dll.dll (The specified module could not be found)) in Unknown on line 0
[28-Jun-2025 03:56:19 UTC] PHP Warning:  PHP Startup: Unable to load dynamic library 'php_imagick.dll' (tried: C:/Users/mansu/AppData/Roaming/Local/lightning-services/php-8.3.17+1/bin/win64/ext\php_imagick.dll (The specified module could not be found), C:/Users/mansu/AppData/Roaming/Local/lightning-services/php-8.3.17+1/bin/win64/ext\php_php_imagick.dll.dll (The specified module could not be found)) in Unknown on line 0
[28-Jun-2025 07:49:50 UTC] PHP Warning:  mysqli_real_connect(): (HY000/2002): No connection could be made because the target machine actively refused it in C:\Users\mansu\Local Sites\cpaas\app\public\wp-includes\class-wpdb.php on line 1988
[28-Jun-2025 07:50:53 UTC] PHP Warning:  PHP Startup: Unable to load dynamic library 'php_imagick.dll' (tried: C:/Users/mansu/AppData/Roaming/Local/lightning-services/php-8.3.17+1/bin/win64/ext\php_imagick.dll (The specified module could not be found), C:/Users/mansu/AppData/Roaming/Local/lightning-services/php-8.3.17+1/bin/win64/ext\php_php_imagick.dll.dll (The specified module could not be found)) in Unknown on line 0
[28-Jun-2025 07:51:28 UTC] PHP Warning:  PHP Startup: Unable to load dynamic library 'php_imagick.dll' (tried: C:/Users/mansu/AppData/Roaming/Local/lightning-services/php-8.3.17+1/bin/win64/ext\php_imagick.dll (The specified module could not be found), C:/Users/mansu/AppData/Roaming/Local/lightning-services/php-8.3.17+1/bin/win64/ext\php_php_imagick.dll.dll (The specified module could not be found)) in Unknown on line 0
[28-Jun-2025 08:07:52 UTC] PHP Warning:  PHP Startup: Unable to load dynamic library 'php_imagick.dll' (tried: C:/Users/mansu/AppData/Roaming/Local/lightning-services/php-8.3.17+1/bin/win64/ext\php_imagick.dll (The specified module could not be found), C:/Users/mansu/AppData/Roaming/Local/lightning-services/php-8.3.17+1/bin/win64/ext\php_php_imagick.dll.dll (The specified module could not be found)) in Unknown on line 0
[28-Jun-2025 08:07:52 UTC] PHP Warning:  PHP Startup: Unable to load dynamic library 'php_imagick.dll' (tried: C:/Users/mansu/AppData/Roaming/Local/lightning-services/php-8.3.17+1/bin/win64/ext\php_imagick.dll (The specified module could not be found), C:/Users/mansu/AppData/Roaming/Local/lightning-services/php-8.3.17+1/bin/win64/ext\php_php_imagick.dll.dll (The specified module could not be found)) in Unknown on line 0
[28-Jun-2025 08:21:18 UTC] PHP Warning:  wp_update_plugins(): An unexpected error occurred. Something may be wrong with WordPress.org or this server&#8217;s configuration. If you continue to have problems, please try the <a href="https://wordpress.org/support/forums/">support forums</a>. (WordPress could not establish a secure connection to WordPress.org. Please contact your server administrator.) in C:\Users\mansu\Local Sites\cpaas\app\public\wp-includes\functions.php on line 6121
[28-Jun-2025 08:31:49 UTC] PHP Warning:  PHP Startup: Unable to load dynamic library 'php_imagick.dll' (tried: C:/Users/mansu/AppData/Roaming/Local/lightning-services/php-8.3.17+1/bin/win64/ext\php_imagick.dll (The specified module could not be found), C:/Users/mansu/AppData/Roaming/Local/lightning-services/php-8.3.17+1/bin/win64/ext\php_php_imagick.dll.dll (The specified module could not be found)) in Unknown on line 0
[28-Jun-2025 08:46:17 UTC] PHP Warning:  PHP Startup: Unable to load dynamic library 'php_imagick.dll' (tried: C:/Users/mansu/AppData/Roaming/Local/lightning-services/php-8.3.17+1/bin/win64/ext\php_imagick.dll (The specified module could not be found), C:/Users/mansu/AppData/Roaming/Local/lightning-services/php-8.3.17+1/bin/win64/ext\php_php_imagick.dll.dll (The specified module could not be found)) in Unknown on line 0
[28-Jun-2025 11:10:04 UTC] PHP Warning:  PHP Startup: Unable to load dynamic library 'php_imagick.dll' (tried: C:/Users/mansu/AppData/Roaming/Local/lightning-services/php-8.3.17+1/bin/win64/ext\php_imagick.dll (The specified module could not be found), C:/Users/mansu/AppData/Roaming/Local/lightning-services/php-8.3.17+1/bin/win64/ext\php_php_imagick.dll.dll (The specified module could not be found)) in Unknown on line 0
[29-Jun-2025 03:23:09 UTC] PHP Warning:  mysqli_real_connect(): (HY000/2002): No connection could be made because the target machine actively refused it in C:\Users\mansu\Local Sites\cpaas\app\public\wp-includes\class-wpdb.php on line 1988
[29-Jun-2025 03:40:22 UTC] PHP Warning:  wp_version_check(): An unexpected error occurred. Something may be wrong with WordPress.org or this server&#8217;s configuration. If you continue to have problems, please try the <a href="https://wordpress.org/support/forums/">support forums</a>. (WordPress could not establish a secure connection to WordPress.org. Please contact your server administrator.) in C:\Users\mansu\Local Sites\cpaas\app\public\wp-includes\functions.php on line 6121
[29-Jun-2025 03:40:30 UTC] PHP Warning:  PHP Startup: Unable to load dynamic library 'php_imagick.dll' (tried: C:/Users/mansu/AppData/Roaming/Local/lightning-services/php-8.3.17+1/bin/win64/ext\php_imagick.dll (The specified module could not be found), C:/Users/mansu/AppData/Roaming/Local/lightning-services/php-8.3.17+1/bin/win64/ext\php_php_imagick.dll.dll (The specified module could not be found)) in Unknown on line 0
[29-Jun-2025 03:41:11 UTC] PHP Warning:  PHP Startup: Unable to load dynamic library 'php_imagick.dll' (tried: C:/Users/mansu/AppData/Roaming/Local/lightning-services/php-8.3.17+1/bin/win64/ext\php_imagick.dll (The specified module could not be found), C:/Users/mansu/AppData/Roaming/Local/lightning-services/php-8.3.17+1/bin/win64/ext\php_php_imagick.dll.dll (The specified module could not be found)) in Unknown on line 0
[29-Jun-2025 03:41:15 UTC] PHP Warning:  PHP Startup: Unable to load dynamic library 'php_imagick.dll' (tried: C:/Users/mansu/AppData/Roaming/Local/lightning-services/php-8.3.17+1/bin/win64/ext\php_imagick.dll (The specified module could not be found), C:/Users/mansu/AppData/Roaming/Local/lightning-services/php-8.3.17+1/bin/win64/ext\php_php_imagick.dll.dll (The specified module could not be found)) in Unknown on line 0
[02-Jul-2025 10:04:49 UTC] PHP Warning:  mysqli_real_connect(): (HY000/2002): No connection could be made because the target machine actively refused it in C:\Users\mansu\Local Sites\cpaas\app\public\wp-includes\class-wpdb.php on line 1988
[02-Jul-2025 10:08:55 UTC] PHP Warning:  PHP Startup: Unable to load dynamic library 'php_imagick.dll' (tried: C:/Users/mansu/AppData/Roaming/Local/lightning-services/php-8.3.17+1/bin/win64/ext\php_imagick.dll (The specified module could not be found), C:/Users/mansu/AppData/Roaming/Local/lightning-services/php-8.3.17+1/bin/win64/ext\php_php_imagick.dll.dll (The specified module could not be found)) in Unknown on line 0
[02-Jul-2025 10:09:08 UTC] PHP Warning:  PHP Startup: Unable to load dynamic library 'php_imagick.dll' (tried: C:/Users/mansu/AppData/Roaming/Local/lightning-services/php-8.3.17+1/bin/win64/ext\php_imagick.dll (The specified module could not be found), C:/Users/mansu/AppData/Roaming/Local/lightning-services/php-8.3.17+1/bin/win64/ext\php_php_imagick.dll.dll (The specified module could not be found)) in Unknown on line 0
[02-Jul-2025 10:09:18 UTC] PHP Warning:  PHP Startup: Unable to load dynamic library 'php_imagick.dll' (tried: C:/Users/mansu/AppData/Roaming/Local/lightning-services/php-8.3.17+1/bin/win64/ext\php_imagick.dll (The specified module could not be found), C:/Users/mansu/AppData/Roaming/Local/lightning-services/php-8.3.17+1/bin/win64/ext\php_php_imagick.dll.dll (The specified module could not be found)) in Unknown on line 0
[02-Jul-2025 10:09:20 UTC] PHP Warning:  PHP Startup: Unable to load dynamic library 'php_imagick.dll' (tried: C:/Users/mansu/AppData/Roaming/Local/lightning-services/php-8.3.17+1/bin/win64/ext\php_imagick.dll (The specified module could not be found), C:/Users/mansu/AppData/Roaming/Local/lightning-services/php-8.3.17+1/bin/win64/ext\php_php_imagick.dll.dll (The specified module could not be found)) in Unknown on line 0
[02-Jul-2025 10:09:24 UTC] PHP Warning:  PHP Startup: Unable to load dynamic library 'php_imagick.dll' (tried: C:/Users/mansu/AppData/Roaming/Local/lightning-services/php-8.3.17+1/bin/win64/ext\php_imagick.dll (The specified module could not be found), C:/Users/mansu/AppData/Roaming/Local/lightning-services/php-8.3.17+1/bin/win64/ext\php_php_imagick.dll.dll (The specified module could not be found)) in Unknown on line 0
[03-Jul-2025 00:50:34 UTC] PHP Warning:  PHP Startup: Unable to load dynamic library 'php_imagick.dll' (tried: C:/Users/mansu/AppData/Roaming/Local/lightning-services/php-8.3.17+1/bin/win64/ext\php_imagick.dll (The specified module could not be found), C:/Users/mansu/AppData/Roaming/Local/lightning-services/php-8.3.17+1/bin/win64/ext\php_php_imagick.dll.dll (The specified module could not be found)) in Unknown on line 0
[03-Jul-2025 00:51:17 UTC] PHP Warning:  PHP Startup: Unable to load dynamic library 'php_imagick.dll' (tried: C:/Users/mansu/AppData/Roaming/Local/lightning-services/php-8.3.17+1/bin/win64/ext\php_imagick.dll (The specified module could not be found), C:/Users/mansu/AppData/Roaming/Local/lightning-services/php-8.3.17+1/bin/win64/ext\php_php_imagick.dll.dll (The specified module could not be found)) in Unknown on line 0
[03-Jul-2025 00:51:19 UTC] PHP Warning:  PHP Startup: Unable to load dynamic library 'php_imagick.dll' (tried: C:/Users/mansu/AppData/Roaming/Local/lightning-services/php-8.3.17+1/bin/win64/ext\php_imagick.dll (The specified module could not be found), C:/Users/mansu/AppData/Roaming/Local/lightning-services/php-8.3.17+1/bin/win64/ext\php_php_imagick.dll.dll (The specified module could not be found)) in Unknown on line 0
[03-Jul-2025 01:52:32 UTC] PHP Warning:  PHP Startup: Unable to load dynamic library 'php_imagick.dll' (tried: C:/Users/mansu/AppData/Roaming/Local/lightning-services/php-8.3.17+1/bin/win64/ext\php_imagick.dll (The specified module could not be found), C:/Users/mansu/AppData/Roaming/Local/lightning-services/php-8.3.17+1/bin/win64/ext\php_php_imagick.dll.dll (The specified module could not be found)) in Unknown on line 0
[03-Jul-2025 01:52:32 UTC] PHP Warning:  PHP Startup: Unable to load dynamic library 'php_imagick.dll' (tried: C:/Users/mansu/AppData/Roaming/Local/lightning-services/php-8.3.17+1/bin/win64/ext\php_imagick.dll (The specified module could not be found), C:/Users/mansu/AppData/Roaming/Local/lightning-services/php-8.3.17+1/bin/win64/ext\php_php_imagick.dll.dll (The specified module could not be found)) in Unknown on line 0
[03-Jul-2025 01:52:32 UTC] PHP Warning:  PHP Startup: Unable to load dynamic library 'php_imagick.dll' (tried: C:/Users/mansu/AppData/Roaming/Local/lightning-services/php-8.3.17+1/bin/win64/ext\php_imagick.dll (The specified module could not be found), C:/Users/mansu/AppData/Roaming/Local/lightning-services/php-8.3.17+1/bin/win64/ext\php_php_imagick.dll.dll (The specified module could not be found)) in Unknown on line 0
[03-Jul-2025 02:30:01 UTC] PHP Fatal error:  Uncaught Error: Class "Dashboard\Core\Dashboard_Renderer" not found in C:\Users\mansu\Local Sites\cpaas\app\public\wp-content\plugins\Dashboard\dashboard-main.php:72
Stack trace:
#0 C:\Users\mansu\Local Sites\cpaas\app\public\wp-content\plugins\Dashboard\dashboard-main.php(59): Dashboard\Dashboard_Plugin->init_components()
#1 C:\Users\mansu\Local Sites\cpaas\app\public\wp-content\plugins\Dashboard\dashboard-main.php(54): Dashboard\Dashboard_Plugin->init()
#2 C:\Users\mansu\Local Sites\cpaas\app\public\wp-content\plugins\Dashboard\dashboard-main.php(47): Dashboard\Dashboard_Plugin->__construct()
#3 C:\Users\mansu\Local Sites\cpaas\app\public\wp-content\plugins\Dashboard\dashboard-main.php(427): Dashboard\Dashboard_Plugin::get_instance()
#4 C:\Users\mansu\Local Sites\cpaas\app\public\wp-includes\class-wp-hook.php(324): Dashboard\init_dashboard_plugin('')
#5 C:\Users\mansu\Local Sites\cpaas\app\public\wp-includes\class-wp-hook.php(348): WP_Hook->apply_filters(NULL, Array)
#6 C:\Users\mansu\Local Sites\cpaas\app\public\wp-includes\plugin.php(517): WP_Hook->do_action(Array)
#7 C:\Users\mansu\Local Sites\cpaas\app\public\wp-settings.php(578): do_action('plugins_loaded')
#8 C:\Users\mansu\Local Sites\cpaas\app\public\wp-config.php(104): require_once('C:\\Users\\mansu\\...')
#9 C:\Users\mansu\Local Sites\cpaas\app\public\wp-load.php(50): require_once('C:\\Users\\mansu\\...')
#10 C:\Users\mansu\Local Sites\cpaas\app\public\wp-admin\admin.php(35): require_once('C:\\Users\\mansu\\...')
#11 C:\Users\mansu\Local Sites\cpaas\app\public\wp-admin\plugins.php(10): require_once('C:\\Users\\mansu\\...')
#12 {main}
  thrown in C:\Users\mansu\Local Sites\cpaas\app\public\wp-content\plugins\Dashboard\dashboard-main.php on line 72
[03-Jul-2025 02:53:41 UTC] PHP Fatal error:  Uncaught ArgumentCountError: Too few arguments to function Dashboard\Core\Dashboard_Page_Manager::pmpro_login_redirect(), 1 passed in C:\Users\mansu\Local Sites\cpaas\app\public\wp-includes\class-wp-hook.php on line 324 and exactly 3 expected in C:\Users\mansu\Local Sites\cpaas\app\public\wp-content\plugins\Dashboard\includes\class-dashboard-page-manager.php:246
Stack trace:
#0 C:\Users\mansu\Local Sites\cpaas\app\public\wp-includes\class-wp-hook.php(324): Dashboard\Core\Dashboard_Page_Manager->pmpro_login_redirect(true)
#1 C:\Users\mansu\Local Sites\cpaas\app\public\wp-includes\plugin.php(205): WP_Hook->apply_filters(true, Array)
#2 C:\Users\mansu\Local Sites\cpaas\app\public\wp-content\plugins\paid-memberships-pro\includes\login.php(54): apply_filters('pmpro_login_red...', true)
#3 C:\Users\mansu\Local Sites\cpaas\app\public\wp-includes\class-wp-hook.php(324): pmpro_login_head(Object(WP))
#4 C:\Users\mansu\Local Sites\cpaas\app\public\wp-includes\class-wp-hook.php(348): WP_Hook->apply_filters(NULL, Array)
#5 C:\Users\mansu\Local Sites\cpaas\app\public\wp-includes\plugin.php(565): WP_Hook->do_action(Array)
#6 C:\Users\mansu\Local Sites\cpaas\app\public\wp-includes\class-wp.php(835): do_action_ref_array('wp', Array)
#7 C:\Users\mansu\Local Sites\cpaas\app\public\wp-includes\functions.php(1342): WP->main('')
#8 C:\Users\mansu\Local Sites\cpaas\app\public\wp-blog-header.php(16): wp()
#9 C:\Users\mansu\Local Sites\cpaas\app\public\index.php(17): require('C:\\Users\\mansu\\...')
#10 {main}
  thrown in C:\Users\mansu\Local Sites\cpaas\app\public\wp-content\plugins\Dashboard\includes\class-dashboard-page-manager.php on line 246
[03-Jul-2025 02:54:00 UTC] PHP Fatal error:  Uncaught ArgumentCountError: Too few arguments to function Dashboard\Core\Dashboard_Page_Manager::pmpro_login_redirect(), 1 passed in C:\Users\mansu\Local Sites\cpaas\app\public\wp-includes\class-wp-hook.php on line 324 and exactly 3 expected in C:\Users\mansu\Local Sites\cpaas\app\public\wp-content\plugins\Dashboard\includes\class-dashboard-page-manager.php:246
Stack trace:
#0 C:\Users\mansu\Local Sites\cpaas\app\public\wp-includes\class-wp-hook.php(324): Dashboard\Core\Dashboard_Page_Manager->pmpro_login_redirect(true)
#1 C:\Users\mansu\Local Sites\cpaas\app\public\wp-includes\plugin.php(205): WP_Hook->apply_filters(true, Array)
#2 C:\Users\mansu\Local Sites\cpaas\app\public\wp-content\plugins\paid-memberships-pro\includes\login.php(54): apply_filters('pmpro_login_red...', true)
#3 C:\Users\mansu\Local Sites\cpaas\app\public\wp-includes\class-wp-hook.php(324): pmpro_login_head('')
#4 C:\Users\mansu\Local Sites\cpaas\app\public\wp-includes\class-wp-hook.php(348): WP_Hook->apply_filters(NULL, Array)
#5 C:\Users\mansu\Local Sites\cpaas\app\public\wp-includes\plugin.php(517): WP_Hook->do_action(Array)
#6 C:\Users\mansu\Local Sites\cpaas\app\public\wp-login.php(546): do_action('login_init')
#7 {main}
  thrown in C:\Users\mansu\Local Sites\cpaas\app\public\wp-content\plugins\Dashboard\includes\class-dashboard-page-manager.php on line 246
[03-Jul-2025 02:54:03 UTC] PHP Fatal error:  Uncaught ArgumentCountError: Too few arguments to function Dashboard\Core\Dashboard_Page_Manager::pmpro_login_redirect(), 1 passed in C:\Users\mansu\Local Sites\cpaas\app\public\wp-includes\class-wp-hook.php on line 324 and exactly 3 expected in C:\Users\mansu\Local Sites\cpaas\app\public\wp-content\plugins\Dashboard\includes\class-dashboard-page-manager.php:246
Stack trace:
#0 C:\Users\mansu\Local Sites\cpaas\app\public\wp-includes\class-wp-hook.php(324): Dashboard\Core\Dashboard_Page_Manager->pmpro_login_redirect(true)
#1 C:\Users\mansu\Local Sites\cpaas\app\public\wp-includes\plugin.php(205): WP_Hook->apply_filters(true, Array)
#2 C:\Users\mansu\Local Sites\cpaas\app\public\wp-content\plugins\paid-memberships-pro\includes\login.php(54): apply_filters('pmpro_login_red...', true)
#3 C:\Users\mansu\Local Sites\cpaas\app\public\wp-includes\class-wp-hook.php(324): pmpro_login_head(Object(WP))
#4 C:\Users\mansu\Local Sites\cpaas\app\public\wp-includes\class-wp-hook.php(348): WP_Hook->apply_filters(NULL, Array)
#5 C:\Users\mansu\Local Sites\cpaas\app\public\wp-includes\plugin.php(565): WP_Hook->do_action(Array)
#6 C:\Users\mansu\Local Sites\cpaas\app\public\wp-includes\class-wp.php(835): do_action_ref_array('wp', Array)
#7 C:\Users\mansu\Local Sites\cpaas\app\public\wp-includes\functions.php(1342): WP->main('')
#8 C:\Users\mansu\Local Sites\cpaas\app\public\wp-blog-header.php(16): wp()
#9 C:\Users\mansu\Local Sites\cpaas\app\public\index.php(17): require('C:\\Users\\mansu\\...')
#10 {main}
  thrown in C:\Users\mansu\Local Sites\cpaas\app\public\wp-content\plugins\Dashboard\includes\class-dashboard-page-manager.php on line 246
[03-Jul-2025 02:54:06 UTC] PHP Fatal error:  Uncaught ArgumentCountError: Too few arguments to function Dashboard\Core\Dashboard_Page_Manager::pmpro_login_redirect(), 1 passed in C:\Users\mansu\Local Sites\cpaas\app\public\wp-includes\class-wp-hook.php on line 324 and exactly 3 expected in C:\Users\mansu\Local Sites\cpaas\app\public\wp-content\plugins\Dashboard\includes\class-dashboard-page-manager.php:246
Stack trace:
#0 C:\Users\mansu\Local Sites\cpaas\app\public\wp-includes\class-wp-hook.php(324): Dashboard\Core\Dashboard_Page_Manager->pmpro_login_redirect(true)
#1 C:\Users\mansu\Local Sites\cpaas\app\public\wp-includes\plugin.php(205): WP_Hook->apply_filters(true, Array)
#2 C:\Users\mansu\Local Sites\cpaas\app\public\wp-content\plugins\paid-memberships-pro\includes\login.php(54): apply_filters('pmpro_login_red...', true)
#3 C:\Users\mansu\Local Sites\cpaas\app\public\wp-includes\class-wp-hook.php(324): pmpro_login_head('')
#4 C:\Users\mansu\Local Sites\cpaas\app\public\wp-includes\class-wp-hook.php(348): WP_Hook->apply_filters(NULL, Array)
#5 C:\Users\mansu\Local Sites\cpaas\app\public\wp-includes\plugin.php(517): WP_Hook->do_action(Array)
#6 C:\Users\mansu\Local Sites\cpaas\app\public\wp-login.php(546): do_action('login_init')
#7 {main}
  thrown in C:\Users\mansu\Local Sites\cpaas\app\public\wp-content\plugins\Dashboard\includes\class-dashboard-page-manager.php on line 246
[03-Jul-2025 02:54:08 UTC] PHP Fatal error:  Uncaught ArgumentCountError: Too few arguments to function Dashboard\Core\Dashboard_Page_Manager::pmpro_login_redirect(), 1 passed in C:\Users\mansu\Local Sites\cpaas\app\public\wp-includes\class-wp-hook.php on line 324 and exactly 3 expected in C:\Users\mansu\Local Sites\cpaas\app\public\wp-content\plugins\Dashboard\includes\class-dashboard-page-manager.php:246
Stack trace:
#0 C:\Users\mansu\Local Sites\cpaas\app\public\wp-includes\class-wp-hook.php(324): Dashboard\Core\Dashboard_Page_Manager->pmpro_login_redirect(true)
#1 C:\Users\mansu\Local Sites\cpaas\app\public\wp-includes\plugin.php(205): WP_Hook->apply_filters(true, Array)
#2 C:\Users\mansu\Local Sites\cpaas\app\public\wp-content\plugins\paid-memberships-pro\includes\login.php(54): apply_filters('pmpro_login_red...', true)
#3 C:\Users\mansu\Local Sites\cpaas\app\public\wp-includes\class-wp-hook.php(324): pmpro_login_head(Object(WP))
#4 C:\Users\mansu\Local Sites\cpaas\app\public\wp-includes\class-wp-hook.php(348): WP_Hook->apply_filters(NULL, Array)
#5 C:\Users\mansu\Local Sites\cpaas\app\public\wp-includes\plugin.php(565): WP_Hook->do_action(Array)
#6 C:\Users\mansu\Local Sites\cpaas\app\public\wp-includes\class-wp.php(835): do_action_ref_array('wp', Array)
#7 C:\Users\mansu\Local Sites\cpaas\app\public\wp-includes\functions.php(1342): WP->main('')
#8 C:\Users\mansu\Local Sites\cpaas\app\public\wp-blog-header.php(16): wp()
#9 C:\Users\mansu\Local Sites\cpaas\app\public\index.php(17): require('C:\\Users\\mansu\\...')
#10 {main}
  thrown in C:\Users\mansu\Local Sites\cpaas\app\public\wp-content\plugins\Dashboard\includes\class-dashboard-page-manager.php on line 246
[03-Jul-2025 03:59:38 UTC] PHP Warning:  PHP Startup: Unable to load dynamic library 'php_imagick.dll' (tried: C:/Users/mansu/AppData/Roaming/Local/lightning-services/php-8.3.17+1/bin/win64/ext\php_imagick.dll (The specified module could not be found), C:/Users/mansu/AppData/Roaming/Local/lightning-services/php-8.3.17+1/bin/win64/ext\php_php_imagick.dll.dll (The specified module could not be found)) in Unknown on line 0
[03-Jul-2025 03:59:38 UTC] PHP Warning:  PHP Startup: Unable to load dynamic library 'php_imagick.dll' (tried: C:/Users/mansu/AppData/Roaming/Local/lightning-services/php-8.3.17+1/bin/win64/ext\php_imagick.dll (The specified module could not be found), C:/Users/mansu/AppData/Roaming/Local/lightning-services/php-8.3.17+1/bin/win64/ext\php_php_imagick.dll.dll (The specified module could not be found)) in Unknown on line 0
[03-Jul-2025 03:59:38 UTC] PHP Warning:  PHP Startup: Unable to load dynamic library 'php_imagick.dll' (tried: C:/Users/mansu/AppData/Roaming/Local/lightning-services/php-8.3.17+1/bin/win64/ext\php_imagick.dll (The specified module could not be found), C:/Users/mansu/AppData/Roaming/Local/lightning-services/php-8.3.17+1/bin/win64/ext\php_php_imagick.dll.dll (The specified module could not be found)) in Unknown on line 0
[03-Jul-2025 09:12:38 UTC] PHP Warning:  PHP Startup: Unable to load dynamic library 'php_imagick.dll' (tried: C:/Users/mansu/AppData/Roaming/Local/lightning-services/php-8.3.17+1/bin/win64/ext\php_imagick.dll (The specified module could not be found), C:/Users/mansu/AppData/Roaming/Local/lightning-services/php-8.3.17+1/bin/win64/ext\php_php_imagick.dll.dll (The specified module could not be found)) in Unknown on line 0
[03-Jul-2025 09:22:50 UTC] PHP Warning:  PHP Startup: Unable to load dynamic library 'php_imagick.dll' (tried: C:/Users/mansu/AppData/Roaming/Local/lightning-services/php-8.3.17+1/bin/win64/ext\php_imagick.dll (The specified module could not be found), C:/Users/mansu/AppData/Roaming/Local/lightning-services/php-8.3.17+1/bin/win64/ext\php_php_imagick.dll.dll (The specified module could not be found)) in Unknown on line 0
[03-Jul-2025 09:22:50 UTC] PHP Warning:  PHP Startup: Unable to load dynamic library 'php_imagick.dll' (tried: C:/Users/mansu/AppData/Roaming/Local/lightning-services/php-8.3.17+1/bin/win64/ext\php_imagick.dll (The specified module could not be found), C:/Users/mansu/AppData/Roaming/Local/lightning-services/php-8.3.17+1/bin/win64/ext\php_php_imagick.dll.dll (The specified module could not be found)) in Unknown on line 0
[03-Jul-2025 09:22:51 UTC] PHP Warning:  PHP Startup: Unable to load dynamic library 'php_imagick.dll' (tried: C:/Users/mansu/AppData/Roaming/Local/lightning-services/php-8.3.17+1/bin/win64/ext\php_imagick.dll (The specified module could not be found), C:/Users/mansu/AppData/Roaming/Local/lightning-services/php-8.3.17+1/bin/win64/ext\php_php_imagick.dll.dll (The specified module could not be found)) in Unknown on line 0
[03-Jul-2025 09:37:35 UTC] PHP Warning:  PHP Startup: Unable to load dynamic library 'php_imagick.dll' (tried: C:/Users/mansu/AppData/Roaming/Local/lightning-services/php-8.3.17+1/bin/win64/ext\php_imagick.dll (The specified module could not be found), C:/Users/mansu/AppData/Roaming/Local/lightning-services/php-8.3.17+1/bin/win64/ext\php_php_imagick.dll.dll (The specified module could not be found)) in Unknown on line 0
[03-Jul-2025 10:36:42 UTC] PHP Warning:  PHP Startup: Unable to load dynamic library 'php_imagick.dll' (tried: C:/Users/mansu/AppData/Roaming/Local/lightning-services/php-8.3.17+1/bin/win64/ext\php_imagick.dll (The specified module could not be found), C:/Users/mansu/AppData/Roaming/Local/lightning-services/php-8.3.17+1/bin/win64/ext\php_php_imagick.dll.dll (The specified module could not be found)) in Unknown on line 0
[03-Jul-2025 10:38:03 UTC] PHP Warning:  PHP Startup: Unable to load dynamic library 'php_imagick.dll' (tried: C:/Users/mansu/AppData/Roaming/Local/lightning-services/php-8.3.17+1/bin/win64/ext\php_imagick.dll (The specified module could not be found), C:/Users/mansu/AppData/Roaming/Local/lightning-services/php-8.3.17+1/bin/win64/ext\php_php_imagick.dll.dll (The specified module could not be found)) in Unknown on line 0
[03-Jul-2025 12:17:15 UTC] PHP Warning:  PHP Startup: Unable to load dynamic library 'php_imagick.dll' (tried: C:/Users/mansu/AppData/Roaming/Local/lightning-services/php-8.3.17+1/bin/win64/ext\php_imagick.dll (The specified module could not be found), C:/Users/mansu/AppData/Roaming/Local/lightning-services/php-8.3.17+1/bin/win64/ext\php_php_imagick.dll.dll (The specified module could not be found)) in Unknown on line 0
[03-Jul-2025 12:34:56 UTC] PHP Warning:  PHP Startup: Unable to load dynamic library 'php_imagick.dll' (tried: C:/Users/mansu/AppData/Roaming/Local/lightning-services/php-8.3.17+1/bin/win64/ext\php_imagick.dll (The specified module could not be found), C:/Users/mansu/AppData/Roaming/Local/lightning-services/php-8.3.17+1/bin/win64/ext\php_php_imagick.dll.dll (The specified module could not be found)) in Unknown on line 0
[03-Jul-2025 12:35:26 UTC] PHP Warning:  PHP Startup: Unable to load dynamic library 'php_imagick.dll' (tried: C:/Users/mansu/AppData/Roaming/Local/lightning-services/php-8.3.17+1/bin/win64/ext\php_imagick.dll (The specified module could not be found), C:/Users/mansu/AppData/Roaming/Local/lightning-services/php-8.3.17+1/bin/win64/ext\php_php_imagick.dll.dll (The specified module could not be found)) in Unknown on line 0
[03-Jul-2025 12:35:27 UTC] PHP Warning:  PHP Startup: Unable to load dynamic library 'php_imagick.dll' (tried: C:/Users/mansu/AppData/Roaming/Local/lightning-services/php-8.3.17+1/bin/win64/ext\php_imagick.dll (The specified module could not be found), C:/Users/mansu/AppData/Roaming/Local/lightning-services/php-8.3.17+1/bin/win64/ext\php_php_imagick.dll.dll (The specified module could not be found)) in Unknown on line 0
[05-Jul-2025 10:03:32 UTC] PHP Warning:  PHP Startup: Unable to load dynamic library 'php_imagick.dll' (tried: C:/Users/mansu/AppData/Roaming/Local/lightning-services/php-8.3.17+1/bin/win64/ext\php_imagick.dll (The specified module could not be found), C:/Users/mansu/AppData/Roaming/Local/lightning-services/php-8.3.17+1/bin/win64/ext\php_php_imagick.dll.dll (The specified module could not be found)) in Unknown on line 0
[05-Jul-2025 10:03:44 UTC] PHP Warning:  PHP Startup: Unable to load dynamic library 'php_imagick.dll' (tried: C:/Users/mansu/AppData/Roaming/Local/lightning-services/php-8.3.17+1/bin/win64/ext\php_imagick.dll (The specified module could not be found), C:/Users/mansu/AppData/Roaming/Local/lightning-services/php-8.3.17+1/bin/win64/ext\php_php_imagick.dll.dll (The specified module could not be found)) in Unknown on line 0
[05-Jul-2025 10:04:20 UTC] PHP Warning:  PHP Startup: Unable to load dynamic library 'php_imagick.dll' (tried: C:/Users/mansu/AppData/Roaming/Local/lightning-services/php-8.3.17+1/bin/win64/ext\php_imagick.dll (The specified module could not be found), C:/Users/mansu/AppData/Roaming/Local/lightning-services/php-8.3.17+1/bin/win64/ext\php_php_imagick.dll.dll (The specified module could not be found)) in Unknown on line 0
[05-Jul-2025 10:04:26 UTC] PHP Warning:  PHP Startup: Unable to load dynamic library 'php_imagick.dll' (tried: C:/Users/mansu/AppData/Roaming/Local/lightning-services/php-8.3.17+1/bin/win64/ext\php_imagick.dll (The specified module could not be found), C:/Users/mansu/AppData/Roaming/Local/lightning-services/php-8.3.17+1/bin/win64/ext\php_php_imagick.dll.dll (The specified module could not be found)) in Unknown on line 0
[05-Jul-2025 12:40:47 UTC] PHP Warning:  PHP Startup: Unable to load dynamic library 'php_imagick.dll' (tried: C:/Users/mansu/AppData/Roaming/Local/lightning-services/php-8.3.17+1/bin/win64/ext\php_imagick.dll (The specified module could not be found), C:/Users/mansu/AppData/Roaming/Local/lightning-services/php-8.3.17+1/bin/win64/ext\php_php_imagick.dll.dll (The specified module could not be found)) in Unknown on line 0
[05-Jul-2025 12:41:32 UTC] PHP Warning:  PHP Startup: Unable to load dynamic library 'php_imagick.dll' (tried: C:/Users/mansu/AppData/Roaming/Local/lightning-services/php-8.3.17+1/bin/win64/ext\php_imagick.dll (The specified module could not be found), C:/Users/mansu/AppData/Roaming/Local/lightning-services/php-8.3.17+1/bin/win64/ext\php_php_imagick.dll.dll (The specified module could not be found)) in Unknown on line 0
[07-Jul-2025 02:20:26 UTC] PHP Warning:  PHP Startup: Unable to load dynamic library 'php_imagick.dll' (tried: C:/Users/mansu/AppData/Roaming/Local/lightning-services/php-8.3.17+1/bin/win64/ext\php_imagick.dll (The specified module could not be found), C:/Users/mansu/AppData/Roaming/Local/lightning-services/php-8.3.17+1/bin/win64/ext\php_php_imagick.dll.dll (The specified module could not be found)) in Unknown on line 0
[07-Jul-2025 02:20:28 UTC] PHP Warning:  PHP Startup: Unable to load dynamic library 'php_imagick.dll' (tried: C:/Users/mansu/AppData/Roaming/Local/lightning-services/php-8.3.17+1/bin/win64/ext\php_imagick.dll (The specified module could not be found), C:/Users/mansu/AppData/Roaming/Local/lightning-services/php-8.3.17+1/bin/win64/ext\php_php_imagick.dll.dll (The specified module could not be found)) in Unknown on line 0
[07-Jul-2025 02:20:50 UTC] PHP Warning:  PHP Startup: Unable to load dynamic library 'php_imagick.dll' (tried: C:/Users/mansu/AppData/Roaming/Local/lightning-services/php-8.3.17+1/bin/win64/ext\php_imagick.dll (The specified module could not be found), C:/Users/mansu/AppData/Roaming/Local/lightning-services/php-8.3.17+1/bin/win64/ext\php_php_imagick.dll.dll (The specified module could not be found)) in Unknown on line 0
[07-Jul-2025 02:20:57 UTC] PHP Warning:  PHP Startup: Unable to load dynamic library 'php_imagick.dll' (tried: C:/Users/mansu/AppData/Roaming/Local/lightning-services/php-8.3.17+1/bin/win64/ext\php_imagick.dll (The specified module could not be found), C:/Users/mansu/AppData/Roaming/Local/lightning-services/php-8.3.17+1/bin/win64/ext\php_php_imagick.dll.dll (The specified module could not be found)) in Unknown on line 0
[07-Jul-2025 04:34:28 UTC] PHP Warning:  PHP Startup: Unable to load dynamic library 'php_imagick.dll' (tried: C:/Users/mansu/AppData/Roaming/Local/lightning-services/php-8.3.17+1/bin/win64/ext\php_imagick.dll (The specified module could not be found), C:/Users/mansu/AppData/Roaming/Local/lightning-services/php-8.3.17+1/bin/win64/ext\php_php_imagick.dll.dll (The specified module could not be found)) in Unknown on line 0
[07-Jul-2025 05:27:19 UTC] PHP Warning:  PHP Startup: Unable to load dynamic library 'php_imagick.dll' (tried: C:/Users/mansu/AppData/Roaming/Local/lightning-services/php-8.3.17+1/bin/win64/ext\php_imagick.dll (The specified module could not be found), C:/Users/mansu/AppData/Roaming/Local/lightning-services/php-8.3.17+1/bin/win64/ext\php_php_imagick.dll.dll (The specified module could not be found)) in Unknown on line 0
[07-Jul-2025 05:31:23 UTC] PHP Warning:  PHP Startup: Unable to load dynamic library 'php_imagick.dll' (tried: C:/Users/mansu/AppData/Roaming/Local/lightning-services/php-8.3.17+1/bin/win64/ext\php_imagick.dll (The specified module could not be found), C:/Users/mansu/AppData/Roaming/Local/lightning-services/php-8.3.17+1/bin/win64/ext\php_php_imagick.dll.dll (The specified module could not be found)) in Unknown on line 0
[07-Jul-2025 07:13:05 UTC] PHP Warning:  PHP Startup: Unable to load dynamic library 'php_imagick.dll' (tried: C:/Users/mansu/AppData/Roaming/Local/lightning-services/php-8.3.17+1/bin/win64/ext\php_imagick.dll (The specified module could not be found), C:/Users/mansu/AppData/Roaming/Local/lightning-services/php-8.3.17+1/bin/win64/ext\php_php_imagick.dll.dll (The specified module could not be found)) in Unknown on line 0
[07-Jul-2025 07:13:06 UTC] PHP Warning:  PHP Startup: Unable to load dynamic library 'php_imagick.dll' (tried: C:/Users/mansu/AppData/Roaming/Local/lightning-services/php-8.3.17+1/bin/win64/ext\php_imagick.dll (The specified module could not be found), C:/Users/mansu/AppData/Roaming/Local/lightning-services/php-8.3.17+1/bin/win64/ext\php_php_imagick.dll.dll (The specified module could not be found)) in Unknown on line 0
[07-Jul-2025 07:18:28 UTC] PHP Warning:  PHP Startup: Unable to load dynamic library 'php_imagick.dll' (tried: C:/Users/mansu/AppData/Roaming/Local/lightning-services/php-8.3.17+1/bin/win64/ext\php_imagick.dll (The specified module could not be found), C:/Users/mansu/AppData/Roaming/Local/lightning-services/php-8.3.17+1/bin/win64/ext\php_php_imagick.dll.dll (The specified module could not be found)) in Unknown on line 0
[07-Jul-2025 07:44:00 UTC] PHP Warning:  PHP Startup: Unable to load dynamic library 'php_imagick.dll' (tried: C:/Users/mansu/AppData/Roaming/Local/lightning-services/php-8.3.17+1/bin/win64/ext\php_imagick.dll (The specified module could not be found), C:/Users/mansu/AppData/Roaming/Local/lightning-services/php-8.3.17+1/bin/win64/ext\php_php_imagick.dll.dll (The specified module could not be found)) in Unknown on line 0
[07-Jul-2025 07:44:21 UTC] PHP Warning:  PHP Startup: Unable to load dynamic library 'php_imagick.dll' (tried: C:/Users/mansu/AppData/Roaming/Local/lightning-services/php-8.3.17+1/bin/win64/ext\php_imagick.dll (The specified module could not be found), C:/Users/mansu/AppData/Roaming/Local/lightning-services/php-8.3.17+1/bin/win64/ext\php_php_imagick.dll.dll (The specified module could not be found)) in Unknown on line 0
[07-Jul-2025 07:44:42 UTC] PHP Warning:  PHP Startup: Unable to load dynamic library 'php_imagick.dll' (tried: C:/Users/mansu/AppData/Roaming/Local/lightning-services/php-8.3.17+1/bin/win64/ext\php_imagick.dll (The specified module could not be found), C:/Users/mansu/AppData/Roaming/Local/lightning-services/php-8.3.17+1/bin/win64/ext\php_php_imagick.dll.dll (The specified module could not be found)) in Unknown on line 0
[07-Jul-2025 08:15:59 UTC] PHP Warning:  PHP Startup: Unable to load dynamic library 'php_imagick.dll' (tried: C:/Users/mansu/AppData/Roaming/Local/lightning-services/php-8.3.17+1/bin/win64/ext\php_imagick.dll (The specified module could not be found), C:/Users/mansu/AppData/Roaming/Local/lightning-services/php-8.3.17+1/bin/win64/ext\php_php_imagick.dll.dll (The specified module could not be found)) in Unknown on line 0
[07-Jul-2025 08:57:09 UTC] PHP Warning:  PHP Startup: Unable to load dynamic library 'php_imagick.dll' (tried: C:/Users/mansu/AppData/Roaming/Local/lightning-services/php-8.3.17+1/bin/win64/ext\php_imagick.dll (The specified module could not be found), C:/Users/mansu/AppData/Roaming/Local/lightning-services/php-8.3.17+1/bin/win64/ext\php_php_imagick.dll.dll (The specified module could not be found)) in Unknown on line 0
[07-Jul-2025 09:19:23 UTC] PHP Warning:  PHP Startup: Unable to load dynamic library 'php_imagick.dll' (tried: C:/Users/mansu/AppData/Roaming/Local/lightning-services/php-8.3.17+1/bin/win64/ext\php_imagick.dll (The specified module could not be found), C:/Users/mansu/AppData/Roaming/Local/lightning-services/php-8.3.17+1/bin/win64/ext\php_php_imagick.dll.dll (The specified module could not be found)) in Unknown on line 0
[08-Jul-2025 03:41:48 UTC] PHP Warning:  PHP Startup: Unable to load dynamic library 'php_imagick.dll' (tried: C:/Users/mansu/AppData/Roaming/Local/lightning-services/php-8.3.17+1/bin/win64/ext\php_imagick.dll (The specified module could not be found), C:/Users/mansu/AppData/Roaming/Local/lightning-services/php-8.3.17+1/bin/win64/ext\php_php_imagick.dll.dll (The specified module could not be found)) in Unknown on line 0
[08-Jul-2025 03:41:49 UTC] PHP Warning:  PHP Startup: Unable to load dynamic library 'php_imagick.dll' (tried: C:/Users/mansu/AppData/Roaming/Local/lightning-services/php-8.3.17+1/bin/win64/ext\php_imagick.dll (The specified module could not be found), C:/Users/mansu/AppData/Roaming/Local/lightning-services/php-8.3.17+1/bin/win64/ext\php_php_imagick.dll.dll (The specified module could not be found)) in Unknown on line 0
[08-Jul-2025 03:42:15 UTC] PHP Warning:  PHP Startup: Unable to load dynamic library 'php_imagick.dll' (tried: C:/Users/mansu/AppData/Roaming/Local/lightning-services/php-8.3.17+1/bin/win64/ext\php_imagick.dll (The specified module could not be found), C:/Users/mansu/AppData/Roaming/Local/lightning-services/php-8.3.17+1/bin/win64/ext\php_php_imagick.dll.dll (The specified module could not be found)) in Unknown on line 0
[08-Jul-2025 03:42:19 UTC] PHP Warning:  PHP Startup: Unable to load dynamic library 'php_imagick.dll' (tried: C:/Users/mansu/AppData/Roaming/Local/lightning-services/php-8.3.17+1/bin/win64/ext\php_imagick.dll (The specified module could not be found), C:/Users/mansu/AppData/Roaming/Local/lightning-services/php-8.3.17+1/bin/win64/ext\php_php_imagick.dll.dll (The specified module could not be found)) in Unknown on line 0
[08-Jul-2025 03:42:26 UTC] PHP Warning:  PHP Startup: Unable to load dynamic library 'php_imagick.dll' (tried: C:/Users/mansu/AppData/Roaming/Local/lightning-services/php-8.3.17+1/bin/win64/ext\php_imagick.dll (The specified module could not be found), C:/Users/mansu/AppData/Roaming/Local/lightning-services/php-8.3.17+1/bin/win64/ext\php_php_imagick.dll.dll (The specified module could not be found)) in Unknown on line 0
[08-Jul-2025 03:42:26 UTC] PHP Warning:  PHP Startup: Unable to load dynamic library 'php_imagick.dll' (tried: C:/Users/mansu/AppData/Roaming/Local/lightning-services/php-8.3.17+1/bin/win64/ext\php_imagick.dll (The specified module could not be found), C:/Users/mansu/AppData/Roaming/Local/lightning-services/php-8.3.17+1/bin/win64/ext\php_php_imagick.dll.dll (The specified module could not be found)) in Unknown on line 0
[08-Jul-2025 04:43:56 UTC] PHP Warning:  PHP Startup: Unable to load dynamic library 'php_imagick.dll' (tried: C:/Users/mansu/AppData/Roaming/Local/lightning-services/php-8.3.17+1/bin/win64/ext\php_imagick.dll (The specified module could not be found), C:/Users/mansu/AppData/Roaming/Local/lightning-services/php-8.3.17+1/bin/win64/ext\php_php_imagick.dll.dll (The specified module could not be found)) in Unknown on line 0
[08-Jul-2025 04:45:31 UTC] PHP Warning:  PHP Startup: Unable to load dynamic library 'php_imagick.dll' (tried: C:/Users/mansu/AppData/Roaming/Local/lightning-services/php-8.3.17+1/bin/win64/ext\php_imagick.dll (The specified module could not be found), C:/Users/mansu/AppData/Roaming/Local/lightning-services/php-8.3.17+1/bin/win64/ext\php_php_imagick.dll.dll (The specified module could not be found)) in Unknown on line 0
[08-Jul-2025 04:52:09 UTC] PHP Warning:  PHP Startup: Unable to load dynamic library 'php_imagick.dll' (tried: C:/Users/mansu/AppData/Roaming/Local/lightning-services/php-8.3.17+1/bin/win64/ext\php_imagick.dll (The specified module could not be found), C:/Users/mansu/AppData/Roaming/Local/lightning-services/php-8.3.17+1/bin/win64/ext\php_php_imagick.dll.dll (The specified module could not be found)) in Unknown on line 0
[10-Jul-2025 02:17:12 UTC] PHP Warning:  PHP Startup: Unable to load dynamic library 'php_imagick.dll' (tried: C:/Users/mansu/AppData/Roaming/Local/lightning-services/php-8.3.17+1/bin/win64/ext\php_imagick.dll (The specified module could not be found), C:/Users/mansu/AppData/Roaming/Local/lightning-services/php-8.3.17+1/bin/win64/ext\php_php_imagick.dll.dll (The specified module could not be found)) in Unknown on line 0
[10-Jul-2025 02:17:12 UTC] PHP Warning:  PHP Startup: Unable to load dynamic library 'php_imagick.dll' (tried: C:/Users/mansu/AppData/Roaming/Local/lightning-services/php-8.3.17+1/bin/win64/ext\php_imagick.dll (The specified module could not be found), C:/Users/mansu/AppData/Roaming/Local/lightning-services/php-8.3.17+1/bin/win64/ext\php_php_imagick.dll.dll (The specified module could not be found)) in Unknown on line 0
[10-Jul-2025 02:18:38 UTC] PHP Warning:  PHP Startup: Unable to load dynamic library 'php_imagick.dll' (tried: C:/Users/mansu/AppData/Roaming/Local/lightning-services/php-8.3.17+1/bin/win64/ext\php_imagick.dll (The specified module could not be found), C:/Users/mansu/AppData/Roaming/Local/lightning-services/php-8.3.17+1/bin/win64/ext\php_php_imagick.dll.dll (The specified module could not be found)) in Unknown on line 0
[10-Jul-2025 02:18:38 UTC] PHP Warning:  PHP Startup: Unable to load dynamic library 'php_imagick.dll' (tried: C:/Users/mansu/AppData/Roaming/Local/lightning-services/php-8.3.17+1/bin/win64/ext\php_imagick.dll (The specified module could not be found), C:/Users/mansu/AppData/Roaming/Local/lightning-services/php-8.3.17+1/bin/win64/ext\php_php_imagick.dll.dll (The specified module could not be found)) in Unknown on line 0
